<?xml version="1.0" encoding="UTF-8"?>
<!-- Generated by org.testng.reporters.JUnitReportReporter -->
<testsuite hostname="DESKTOP-FF0AIQ5" failures="0" tests="2" name="com.sdet.HomePageTests" time="7.057" errors="0" timestamp="2022-12-06T03:14:10 IST" skipped="0">
  <testcase classname="com.sdet.HomePageTests" name="shouldAssertTheVisionOfTheCompany" time="3.505"/>
  <system-out/>
  <testcase classname="com.sdet.HomePageTests" name="shouldVerifyTitle" time="3.552"/>
  <system-out/>
</testsuite> <!-- com.sdet.HomePageTests -->
