<?xml version="1.0" encoding="UTF-8"?>
<!-- Generated by org.testng.reporters.JUnitReportReporter -->
<testsuite hostname="DESKTOP-FF0AIQ5" failures="0" tests="2" name="HomePageTests" time="16.530" errors="0" timestamp="2022-12-05T22:52:51 IST" skipped="0">
  <testcase classname="HomePageTests" name="shouldAssertTheVisionOfTheCompany" time="11.780"/>
  <system-out/>
  <testcase classname="HomePageTests" name="shouldVerifyTitle" time="4.750"/>
  <system-out/>
</testsuite> <!-- HomePageTests -->
