<?xml version="1.0" encoding="UTF-8"?>
<!-- Generated by org.testng.reporters.JUnitReportReporter -->
<testsuite hostname="DESKTOP-FF0AIQ5" failures="0" tests="1" name="com.sdet.SearchTests" time="3.796" errors="0" timestamp="2022-12-06T03:14:10 IST" skipped="0">
  <testcase classname="com.sdet.SearchTests" name="shouldVerifySearchResults" time="3.796"/>
  <system-out/>
</testsuite> <!-- com.sdet.SearchTests -->
