<?xml version="1.0" encoding="UTF-8"?>
<!-- Generated by org.testng.reporters.JUnitReportReporter -->
<testsuite hostname="DESKTOP-FF0AIQ5" failures="0" tests="1" name="SearchTests" time="5.972" errors="0" timestamp="2022-12-05T22:53:28 IST" skipped="0">
  <testcase classname="SearchTests" name="shouldVerifySearchResults" time="5.972"/>
  <system-out/>
</testsuite> <!-- SearchTests -->
